[debug] [2022-01-25T02:13:59.830Z] ----------------------------------------------------------------------
[debug] [2022-01-25T02:13:59.834Z] Command:       /usr/local/bin/node /usr/local/bin/firebase deploy --only hosting
[debug] [2022-01-25T02:13:59.834Z] CLI Version:   6.0.0
[debug] [2022-01-25T02:13:59.834Z] Platform:      darwin
[debug] [2022-01-25T02:13:59.834Z] Node Version:  v16.10.0
[debug] [2022-01-25T02:13:59.835Z] Time:          Mon Jan 24 2022 18:13:59 GMT-0800 (Pacific Standard Time)
[debug] [2022-01-25T02:13:59.835Z] ----------------------------------------------------------------------
[debug] 
[debug] [2022-01-25T02:13:59.856Z] > command requires scopes: ["email","openid","https://www.googleapis.com/auth/cloudplatformprojects.readonly","https://www.googleapis.com/auth/firebase","https://www.googleapis.com/auth/cloud-platform"]
[debug] [2022-01-25T02:13:59.856Z] > authorizing via signed-in user
[debug] [2022-01-25T02:13:59.857Z] [iam] checking project dog-watch-13a9e for permissions ["firebase.projects.get","firebasehosting.sites.update"]
[debug] [2022-01-25T02:13:59.858Z] >>> HTTP REQUEST POST https://cloudresourcemanager.googleapis.com/v1/projects/dog-watch-13a9e:testIamPermissions  

[debug] [2022-01-25T02:14:00.288Z] <<< HTTP RESPONSE 200
[debug] [2022-01-25T02:14:00.290Z] >>> HTTP REQUEST GET https://firebase.googleapis.com/v1beta1/projects/dog-watch-13a9e  
 
[debug] [2022-01-25T02:14:00.514Z] <<< HTTP RESPONSE 200
[info] 
[info] === Deploying to 'dog-watch-13a9e'...
[info] 
[info] i  deploying hosting
[debug] [2022-01-25T02:14:00.520Z] >>> HTTP REQUEST POST https://firebasehosting.googleapis.com/v1beta1/sites/dog-watch-13a9e-default-rtdb/versions  

[debug] [2022-01-25T02:14:00.903Z] <<< HTTP RESPONSE 500
[debug] [2022-01-25T02:14:00.903Z] <<< HTTP RESPONSE BODY
[error] 
[error] Error: HTTP Error: 500, Internal error encountered.
[debug] [2022-01-25T02:14:00.906Z] Error Context: {
  "body": {
    "error": {
      "code": 500,
      "message": "Internal error encountered.",
      "status": "INTERNAL"
    }
  },
  "response": {
    "statusCode": 500,
    "body": {
      "error": {
        "code": 500,
        "message": "Internal error encountered.",
        "status": "INTERNAL"
      }
    },
    "headers": {
      "vary": "X-Origin, Referer, Origin,Accept-Encoding",
      "content-type": "application/json; charset=UTF-8",
      "date": "Tue, 25 Jan 2022 02:14:00 GMT",
      "server": "ESF",
      "cache-control": "private",
      "x-xss-protection": "0",
      "x-frame-options": "SAMEORIGIN",
      "x-content-type-options": "nosniff",
      "alt-svc": "h3=\":443\"; ma=2592000,h3-29=\":443\"; ma=2592000,h3-Q050=\":443\"; ma=2592000,h3-Q046=\":443\"; ma=2592000,h3-Q043=\":443\"; ma=2592000,quic=\":443\"; ma=2592000; v=\"46,43\"",
      "accept-ranges": "none",
      "connection": "close",
      "transfer-encoding": "chunked"
    },
    "request": {
      "uri": {
        "protocol": "https:",
        "slashes": true,
        "auth": null,
        "host": "firebasehosting.googleapis.com",
        "port": 443,
        "hostname": "firebasehosting.googleapis.com",
        "hash": null,
        "search": null,
        "query": null,
        "pathname": "/v1beta1/sites/dog-watch-13a9e-default-rtdb/versions",
        "path": "/v1beta1/sites/dog-watch-13a9e-default-rtdb/versions",
        "href": "https://firebasehosting.googleapis.com/v1beta1/sites/dog-watch-13a9e-default-rtdb/versions"
      },
      "method": "POST"
    }
  }
}
[debug] [2022-01-25T02:16:07.741Z] ----------------------------------------------------------------------
[debug] [2022-01-25T02:16:07.742Z] Command:       /usr/local/bin/node /usr/local/bin/firebase deploy --only hosting
[debug] [2022-01-25T02:16:07.743Z] CLI Version:   6.0.0
[debug] [2022-01-25T02:16:07.743Z] Platform:      darwin
[debug] [2022-01-25T02:16:07.743Z] Node Version:  v16.10.0
[debug] [2022-01-25T02:16:07.744Z] Time:          Mon Jan 24 2022 18:16:07 GMT-0800 (Pacific Standard Time)
[debug] [2022-01-25T02:16:07.744Z] ----------------------------------------------------------------------
[debug] 
[debug] [2022-01-25T02:16:07.760Z] > command requires scopes: ["email","openid","https://www.googleapis.com/auth/cloudplatformprojects.readonly","https://www.googleapis.com/auth/firebase","https://www.googleapis.com/auth/cloud-platform"]
[debug] [2022-01-25T02:16:07.760Z] > authorizing via signed-in user
[debug] [2022-01-25T02:16:07.760Z] [iam] checking project dog-watch-13a9e for permissions ["firebase.projects.get","firebasehosting.sites.update"]
[debug] [2022-01-25T02:16:07.762Z] >>> HTTP REQUEST POST https://cloudresourcemanager.googleapis.com/v1/projects/dog-watch-13a9e:testIamPermissions  

[debug] [2022-01-25T02:16:08.065Z] <<< HTTP RESPONSE 200
[debug] [2022-01-25T02:16:08.068Z] >>> HTTP REQUEST GET https://firebase.googleapis.com/v1beta1/projects/dog-watch-13a9e  
 
[debug] [2022-01-25T02:16:08.526Z] <<< HTTP RESPONSE 200
[info] 
[info] === Deploying to 'dog-watch-13a9e'...
[info] 
[info] i  deploying hosting
[debug] [2022-01-25T02:16:08.533Z] >>> HTTP REQUEST POST https://firebasehosting.googleapis.com/v1beta1/sites/dog-watch-13a9e-default-rtdb/versions  

[debug] [2022-01-25T02:16:08.889Z] <<< HTTP RESPONSE 500
[debug] [2022-01-25T02:16:08.890Z] <<< HTTP RESPONSE BODY
[error] 
[error] Error: HTTP Error: 500, Internal error encountered.
[debug] [2022-01-25T02:16:08.896Z] Error Context: {
  "body": {
    "error": {
      "code": 500,
      "message": "Internal error encountered.",
      "status": "INTERNAL"
    }
  },
  "response": {
    "statusCode": 500,
    "body": {
      "error": {
        "code": 500,
        "message": "Internal error encountered.",
        "status": "INTERNAL"
      }
    },
    "headers": {
      "vary": "X-Origin, Referer, Origin,Accept-Encoding",
      "content-type": "application/json; charset=UTF-8",
      "date": "Tue, 25 Jan 2022 02:16:08 GMT",
      "server": "ESF",
      "cache-control": "private",
      "x-xss-protection": "0",
      "x-frame-options": "SAMEORIGIN",
      "x-content-type-options": "nosniff",
      "alt-svc": "h3=\":443\"; ma=2592000,h3-29=\":443\"; ma=2592000,h3-Q050=\":443\"; ma=2592000,h3-Q046=\":443\"; ma=2592000,h3-Q043=\":443\"; ma=2592000,quic=\":443\"; ma=2592000; v=\"46,43\"",
      "accept-ranges": "none",
      "connection": "close",
      "transfer-encoding": "chunked"
    },
    "request": {
      "uri": {
        "protocol": "https:",
        "slashes": true,
        "auth": null,
        "host": "firebasehosting.googleapis.com",
        "port": 443,
        "hostname": "firebasehosting.googleapis.com",
        "hash": null,
        "search": null,
        "query": null,
        "pathname": "/v1beta1/sites/dog-watch-13a9e-default-rtdb/versions",
        "path": "/v1beta1/sites/dog-watch-13a9e-default-rtdb/versions",
        "href": "https://firebasehosting.googleapis.com/v1beta1/sites/dog-watch-13a9e-default-rtdb/versions"
      },
      "method": "POST"
    }
  }
}
[debug] [2022-01-25T02:27:40.925Z] ----------------------------------------------------------------------
[debug] [2022-01-25T02:27:40.927Z] Command:       /usr/local/bin/node /usr/local/bin/firebase deploy --only hosting
[debug] [2022-01-25T02:27:40.927Z] CLI Version:   6.0.0
[debug] [2022-01-25T02:27:40.927Z] Platform:      darwin
[debug] [2022-01-25T02:27:40.927Z] Node Version:  v16.10.0
[debug] [2022-01-25T02:27:40.929Z] Time:          Mon Jan 24 2022 18:27:40 GMT-0800 (Pacific Standard Time)
[debug] [2022-01-25T02:27:40.930Z] ----------------------------------------------------------------------
[debug] 
[debug] [2022-01-25T02:27:40.952Z] > command requires scopes: ["email","openid","https://www.googleapis.com/auth/cloudplatformprojects.readonly","https://www.googleapis.com/auth/firebase","https://www.googleapis.com/auth/cloud-platform"]
[debug] [2022-01-25T02:27:40.953Z] > authorizing via signed-in user
[debug] [2022-01-25T02:27:40.953Z] [iam] checking project dog-watch-13a9e for permissions ["firebase.projects.get","firebasehosting.sites.update"]
[debug] [2022-01-25T02:27:40.955Z] >>> HTTP REQUEST POST https://cloudresourcemanager.googleapis.com/v1/projects/dog-watch-13a9e:testIamPermissions  

[debug] [2022-01-25T02:27:41.225Z] <<< HTTP RESPONSE 200
[debug] [2022-01-25T02:27:41.227Z] >>> HTTP REQUEST GET https://firebase.googleapis.com/v1beta1/projects/dog-watch-13a9e  
 
[debug] [2022-01-25T02:27:41.401Z] <<< HTTP RESPONSE 200
[info] 
[info] === Deploying to 'dog-watch-13a9e'...
[info] 
[info] i  deploying hosting
[debug] [2022-01-25T02:27:41.408Z] >>> HTTP REQUEST POST https://firebasehosting.googleapis.com/v1beta1/sites/dog-watch-13a9e-default-rtdb/versions  

[debug] [2022-01-25T02:27:41.782Z] <<< HTTP RESPONSE 500
[debug] [2022-01-25T02:27:41.783Z] <<< HTTP RESPONSE BODY
[error] 
[error] Error: HTTP Error: 500, Internal error encountered.
[debug] [2022-01-25T02:27:41.787Z] Error Context: {
  "body": {
    "error": {
      "code": 500,
      "message": "Internal error encountered.",
      "status": "INTERNAL"
    }
  },
  "response": {
    "statusCode": 500,
    "body": {
      "error": {
        "code": 500,
        "message": "Internal error encountered.",
        "status": "INTERNAL"
      }
    },
    "headers": {
      "vary": "X-Origin, Referer, Origin,Accept-Encoding",
      "content-type": "application/json; charset=UTF-8",
      "date": "Tue, 25 Jan 2022 02:27:41 GMT",
      "server": "ESF",
      "cache-control": "private",
      "x-xss-protection": "0",
      "x-frame-options": "SAMEORIGIN",
      "x-content-type-options": "nosniff",
      "alt-svc": "h3=\":443\"; ma=2592000,h3-29=\":443\"; ma=2592000,h3-Q050=\":443\"; ma=2592000,h3-Q046=\":443\"; ma=2592000,h3-Q043=\":443\"; ma=2592000,quic=\":443\"; ma=2592000; v=\"46,43\"",
      "accept-ranges": "none",
      "connection": "close",
      "transfer-encoding": "chunked"
    },
    "request": {
      "uri": {
        "protocol": "https:",
        "slashes": true,
        "auth": null,
        "host": "firebasehosting.googleapis.com",
        "port": 443,
        "hostname": "firebasehosting.googleapis.com",
        "hash": null,
        "search": null,
        "query": null,
        "pathname": "/v1beta1/sites/dog-watch-13a9e-default-rtdb/versions",
        "path": "/v1beta1/sites/dog-watch-13a9e-default-rtdb/versions",
        "href": "https://firebasehosting.googleapis.com/v1beta1/sites/dog-watch-13a9e-default-rtdb/versions"
      },
      "method": "POST"
    }
  }
}
[debug] [2022-01-25T02:31:04.866Z] ----------------------------------------------------------------------
[debug] [2022-01-25T02:31:04.867Z] Command:       /usr/local/bin/node /usr/local/bin/firebase deploy --only hosting
[debug] [2022-01-25T02:31:04.868Z] CLI Version:   6.0.0
[debug] [2022-01-25T02:31:04.868Z] Platform:      darwin
[debug] [2022-01-25T02:31:04.868Z] Node Version:  v16.10.0
[debug] [2022-01-25T02:31:04.869Z] Time:          Mon Jan 24 2022 18:31:04 GMT-0800 (Pacific Standard Time)
[debug] [2022-01-25T02:31:04.869Z] ----------------------------------------------------------------------
[debug] 
[debug] [2022-01-25T02:31:04.885Z] > command requires scopes: ["email","openid","https://www.googleapis.com/auth/cloudplatformprojects.readonly","https://www.googleapis.com/auth/firebase","https://www.googleapis.com/auth/cloud-platform"]
[debug] [2022-01-25T02:31:04.885Z] > authorizing via signed-in user
[debug] [2022-01-25T02:31:04.886Z] [iam] checking project dog-watch-13a9e for permissions ["firebase.projects.get","firebasehosting.sites.update"]
[debug] [2022-01-25T02:31:04.887Z] >>> HTTP REQUEST POST https://cloudresourcemanager.googleapis.com/v1/projects/dog-watch-13a9e:testIamPermissions  

[debug] [2022-01-25T02:31:05.151Z] <<< HTTP RESPONSE 200
[debug] [2022-01-25T02:31:05.158Z] >>> HTTP REQUEST GET https://firebase.googleapis.com/v1beta1/projects/dog-watch-13a9e  
 
[debug] [2022-01-25T02:31:05.332Z] <<< HTTP RESPONSE 200
[info] 
[info] === Deploying to 'dog-watch-13a9e'...
[info] 
[info] i  deploying hosting
[debug] [2022-01-25T02:31:05.336Z] >>> HTTP REQUEST POST https://firebasehosting.googleapis.com/v1beta1/sites/dog-watch-13a9e-default-rtdb/versions  

[debug] [2022-01-25T02:31:05.668Z] <<< HTTP RESPONSE 500
[debug] [2022-01-25T02:31:05.668Z] <<< HTTP RESPONSE BODY
[error] 
[error] Error: HTTP Error: 500, Internal error encountered.
[debug] [2022-01-25T02:31:05.671Z] Error Context: {
  "body": {
    "error": {
      "code": 500,
      "message": "Internal error encountered.",
      "status": "INTERNAL"
    }
  },
  "response": {
    "statusCode": 500,
    "body": {
      "error": {
        "code": 500,
        "message": "Internal error encountered.",
        "status": "INTERNAL"
      }
    },
    "headers": {
      "vary": "X-Origin, Referer, Origin,Accept-Encoding",
      "content-type": "application/json; charset=UTF-8",
      "date": "Tue, 25 Jan 2022 02:31:05 GMT",
      "server": "ESF",
      "cache-control": "private",
      "x-xss-protection": "0",
      "x-frame-options": "SAMEORIGIN",
      "x-content-type-options": "nosniff",
      "alt-svc": "h3=\":443\"; ma=2592000,h3-29=\":443\"; ma=2592000,h3-Q050=\":443\"; ma=2592000,h3-Q046=\":443\"; ma=2592000,h3-Q043=\":443\"; ma=2592000,quic=\":443\"; ma=2592000; v=\"46,43\"",
      "accept-ranges": "none",
      "connection": "close",
      "transfer-encoding": "chunked"
    },
    "request": {
      "uri": {
        "protocol": "https:",
        "slashes": true,
        "auth": null,
        "host": "firebasehosting.googleapis.com",
        "port": 443,
        "hostname": "firebasehosting.googleapis.com",
        "hash": null,
        "search": null,
        "query": null,
        "pathname": "/v1beta1/sites/dog-watch-13a9e-default-rtdb/versions",
        "path": "/v1beta1/sites/dog-watch-13a9e-default-rtdb/versions",
        "href": "https://firebasehosting.googleapis.com/v1beta1/sites/dog-watch-13a9e-default-rtdb/versions"
      },
      "method": "POST"
    }
  }
}
